<?xml version="1.0" encoding="UTF-8"?>
<!-- Generated by org.testng.reporters.JUnitXMLReporter -->
<testsuite ignored="0" hostname="IA-BTM-L047" failures="0" tests="9" name="SimpleRegression" time="7.362" errors="0" timestamp="2025-05-30T16:30:28 WIB">
  <testcase classname="testng.RestAssuredImplementation" name="testLoginSuccess" time="2.181"/>
  <testcase classname="testng.RestAssuredImplementation" name="GetAllObject" time="1.186"/>
  <testcase classname="testng.RestAssuredImplementation" name="addObject" time="0.589"/>
  <testcase classname="testng.RestAssuredImplementation" name="getSingleObjectbyID" time="0.556"/>
  <testcase classname="testng.RestAssuredImplementation" name="testGetObjectByPath" time="0.576"/>
  <testcase classname="testng.RestAssuredImplementation" name="testUpdateObject" time="0.587"/>
  <testcase classname="testng.RestAssuredImplementation" name="testPartialUpdateObject" time="0.551"/>
  <testcase classname="testng.RestAssuredImplementation" name="testDeleteObject" time="0.569"/>
  <testcase classname="testng.RestAssuredImplementation" name="testGetDepartments" time="0.534"/>
</testsuite> <!-- SimpleRegression -->
