<?xml version="1.0" encoding="UTF-8"?>
<!-- Generated by org.testng.reporters.JUnitXMLReporter -->
<testsuite ignored="0" hostname="IA-BTM-L047" failures="0" tests="5" name="SimpleRegression" time="16.285" errors="0" timestamp="2025-07-07T20:45:00 WIB">
  <testcase classname="selenium.locator.SeleniumIntroductionTest" name="cekDetailProdukTest" time="0.288"/>
  <testcase classname="selenium.locator.SeleniumIntroductionTest" name="fullCheckoutFlow" time="0.456"/>
  <testcase classname="selenium.locator.SeleniumIntroductionTest" name="hapusDariKeranjangTest" time="10.265"/>
  <testcase classname="selenium.locator.SeleniumIntroductionTest" name="loginGagalTest" time="0.131"/>
  <testcase classname="selenium.locator.SeleniumIntroductionTest" name="tambahBeberapaProdukKeKeranjangTest" time="0.203"/>
</testsuite> <!-- SimpleRegression -->
