<?xml version="1.0" encoding="UTF-8"?>
<testsuite xmlns:xsi="http://www.w3.org/2001/XMLSchema-instance" xsi:noNamespaceSchemaLocation="https://maven.apache.org/surefire/maven-surefire-plugin/xsd/surefire-test-report.xsd" version="3.0.2" name="TestSuite" time="16.597" tests="5" errors="0" skipped="0" failures="0">
  <properties>
[...]
</properties>
  <testcase name="cekDetailProdukTest" classname="selenium.locator.SeleniumIntroductionTest" time="0.288">
    <system-out><![CDATA[ChromeDriver berhasil dijalankan
Berhasil masuk ke halaman detail produk: Sauce Labs Backpack
]]></system-out>
    <system-err><![CDATA[SLF4J(W): No SLF4J providers were found.
SLF4J(W): Defaulting to no-operation (NOP) logger implementation
SLF4J(W): See https://www.slf4j.org/codes.html#noProviders for further details.
Jul 07, 2025 8:44:45 PM org.openqa.selenium.devtools.CdpVersionFinder findNearestMatch
WARNING: Unable to find an exact match for CDP version 138, returning the closest version; found: 137; Please update to a Selenium version that supports CDP version 138
]]></system-err>
  </testcase>
  <testcase name="fullCheckoutFlow" classname="selenium.locator.SeleniumIntroductionTest" time="0.458">
    <system-out><![CDATA[Pembayaran berhasil: Thank you for your order!
]]></system-out>
  </testcase>
  <testcase name="hapusDariKeranjangTest" classname="selenium.locator.SeleniumIntroductionTest" time="10.263">
    <system-out><![CDATA[Logout berhasil
Produk berhasil dihapus. Keranjang kosong.
]]></system-out>
  </testcase>
  <testcase name="loginGagalTest" classname="selenium.locator.SeleniumIntroductionTest" time="0.131">
    <system-out><![CDATA[Logout berhasil
Login gagal diverifikasi dengan pesan: Epic sadface: Username and password do not match any user in this service
]]></system-out>
  </testcase>
  <testcase name="tambahBeberapaProdukKeKeranjangTest" classname="selenium.locator.SeleniumIntroductionTest" time="0.205">
    <system-out><![CDATA[Berhasil menambahkan 2 produk ke keranjang.
]]></system-out>
  </testcase>
</testsuite>