<?xml version="1.0" encoding="UTF-8"?>
<testsuite xmlns:xsi="http://www.w3.org/2001/XMLSchema-instance" xsi:noNamespaceSchemaLocation="https://maven.apache.org/surefire/maven-surefire-plugin/xsd/surefire-test-report.xsd" version="3.0.2" name="testng.runner.TestRunner" time="7.954" tests="4" errors="0" skipped="0" failures="0">
  <properties>
[...]
</properties>
  <testcase name="runScenario[&quot;Get All Object&quot;, &quot;Login API&quot;](1)" classname="testng.runner.TestRunner" time="3.732">
    <system-out><![CDATA[
Scenario: Get All Object                                                # src/test/resources/features/login.feature:10
  Given User has email "bryantaxell2@gmail.com" and password "@dmin123" # stepdefinitions.LoginStepDefinition.user_has_email_and_password(java.lang.String,java.lang.String)
Request method:	POST
Request URI:	https://whitesmokehouse.com/webhook/api/login
Proxy:			<none>
Request params:	<none>
Query params:	<none>
Form params:	<none>
Path params:	<none>
Headers:		Accept=*/*
				Content-Type=application/json
Cookies:		<none>
Multiparts:		<none>
Body:
{
    "email": "bryantaxell2@gmail.com",
    "password": "@dmin123"
}
  When User sends POST request to "/webhook/api/login"                  # stepdefinitions.LoginStepDefinition.user_sends_post_request(java.lang.String)
  Then The response status code should be 200                           # stepdefinitions.LoginStepDefinition.the_response_status_code_should_be(int)
  And The response should contain a valid token                         # stepdefinitions.LoginStepDefinition.the_response_should_contain_a_valid_token()
Request method:	GET
Request URI:	https://whitesmokehouse.com/webhook/api/objects
Proxy:			<none>
Request params:	<none>
Query params:	<none>
Form params:	<none>
Path params:	<none>
Headers:		Authorization=Bearer eyJhbGciOiJIUzI1NiIsInR5cCI6IkpXVCJ9.eyJpZCI6IjEwOTAiLCJpYXQiOjE3NTA4NTc2NjZ9.nU_aCM0wssFoGVEptdDZ8BAsBLqKEvmALi5JZgQI-6s
				Accept=*/*
Cookies:		<none>
Multiparts:		<none>
Body:			<none>
  When User sends GET request to "/webhook/api/objects"                 # stepdefinitions.LoginStepDefinition.user_sends_get_request(java.lang.String)
  Then The response status code should be 200                           # stepdefinitions.LoginStepDefinition.the_response_status_code_should_be(int)
  And The object list should not be empty                               # stepdefinitions.LoginStepDefinition.the_object_list_should_not_be_empty()
]]></system-out>
    <system-err><![CDATA[SLF4J(W): No SLF4J providers were found.
SLF4J(W): Defaulting to no-operation (NOP) logger implementation
SLF4J(W): See https://www.slf4j.org/codes.html#noProviders for further details.
]]></system-err>
  </testcase>
  <testcase name="runScenario[&quot;Add new object&quot;, &quot;Login API&quot;](2)" classname="testng.runner.TestRunner" time="1.16">
    <system-out><![CDATA[
Scenario: Add new object                                                # src/test/resources/features/login.feature:15
  Given User has email "bryantaxell2@gmail.com" and password "@dmin123" # stepdefinitions.LoginStepDefinition.user_has_email_and_password(java.lang.String,java.lang.String)
Request method:	POST
Request URI:	https://whitesmokehouse.com/webhook/api/login
Proxy:			<none>
Request params:	<none>
Query params:	<none>
Form params:	<none>
Path params:	<none>
Headers:		Accept=*/*
				Content-Type=application/json
Cookies:		<none>
Multiparts:		<none>
Body:
{
    "email": "bryantaxell2@gmail.com",
    "password": "@dmin123"
}
  When User sends POST request to "/webhook/api/login"                  # stepdefinitions.LoginStepDefinition.user_sends_post_request(java.lang.String)
  Then The response status code should be 200                           # stepdefinitions.LoginStepDefinition.the_response_status_code_should_be(int)
  And The response should contain a valid token                         # stepdefinitions.LoginStepDefinition.the_response_should_contain_a_valid_token()
Request method:	POST
Request URI:	https://whitesmokehouse.com/webhook/api/objects
Proxy:			<none>
Request params:	<none>
Query params:	<none>
Form params:	<none>
Path params:	<none>
Headers:		Authorization=Bearer eyJhbGciOiJIUzI1NiIsInR5cCI6IkpXVCJ9.eyJpZCI6IjEwOTAiLCJpYXQiOjE3NTA4NTc2Njh9.ZM5R3sG63BGYtYbEQoHZOW3kc9qOoPGDkNARmWyCr0g
				Accept=*/*
				Content-Type=application/json
Cookies:		<none>
Multiparts:		<none>
Body:
{
    "name": "Asus ROG MUX",
    "data": {
        "year": 2024,
        "price": 2000.0,
        "cpu_model": "Ryzen 7",
        "hard_disk_size": "1TB",
        "capacity": "8 CPU",
        "screen_size": "17 Inch",
        "color": "Black"
    }
}
  When User adds a new object with the following details:               # stepdefinitions.LoginStepDefinition.user_adds_object_with_details(io.cucumber.datatable.DataTable)
    | name         | year | price | cpu_model | hard_disk_size | capacity | screen_size | color |
    | Asus ROG MUX | 2024 | 2000  | Ryzen 7   | 1TB            | 8 CPU    | 17 Inch     | Black |
  Then The response status code should be 200                           # stepdefinitions.LoginStepDefinition.the_response_status_code_should_be(int)
Created Object ID: [1247]
  And The response should contain object id                             # stepdefinitions.LoginStepDefinition.the_response_should_contain_object_id()
]]></system-out>
  </testcase>
  <testcase name="runScenario[&quot;Update existing object&quot;, &quot;Login API&quot;](3)" classname="testng.runner.TestRunner" time="1.161">
    <system-out><![CDATA[
Scenario: Update existing object                                        # src/test/resources/features/login.feature:22
  Given User has email "bryantaxell2@gmail.com" and password "@dmin123" # stepdefinitions.LoginStepDefinition.user_has_email_and_password(java.lang.String,java.lang.String)
Request method:	POST
Request URI:	https://whitesmokehouse.com/webhook/api/login
Proxy:			<none>
Request params:	<none>
Query params:	<none>
Form params:	<none>
Path params:	<none>
Headers:		Accept=*/*
				Content-Type=application/json
Cookies:		<none>
Multiparts:		<none>
Body:
{
    "email": "bryantaxell2@gmail.com",
    "password": "@dmin123"
}
  When User sends POST request to "/webhook/api/login"                  # stepdefinitions.LoginStepDefinition.user_sends_post_request(java.lang.String)
  Then The response status code should be 200                           # stepdefinitions.LoginStepDefinition.the_response_status_code_should_be(int)
  And The response should contain a valid token                         # stepdefinitions.LoginStepDefinition.the_response_should_contain_a_valid_token()
Request method:	PUT
Request URI:	https://whitesmokehouse.com/webhook/37777abe-a5ef-4570-a383-c99b5f5f7906/api/objects/null
Proxy:			<none>
Request params:	<none>
Query params:	<none>
Form params:	<none>
Path params:	<none>
Headers:		Authorization=Bearer eyJhbGciOiJIUzI1NiIsInR5cCI6IkpXVCJ9.eyJpZCI6IjEwOTAiLCJpYXQiOjE3NTA4NTc2Njl9.OVq3MoEf6E_J26wb6iMRrFQ1yq9CL7fTsC2cJVt7Quo
				Accept=*/*
				Content-Type=application/json
Cookies:		<none>
Multiparts:		<none>
Body:
{
    "name": "Asus ROG FX",
    "data": {
        "year": 2025,
        "price": 2500.0,
        "cpu_model": "Ryzen 9",
        "hard_disk_size": "2TB",
        "capacity": "12 CPU",
        "screen_size": "18 Inch",
        "color": "Silver"
    }
}
  When User updates the object with the following details:              # stepdefinitions.LoginStepDefinition.user_updates_object_with_details(io.cucumber.datatable.DataTable)
    | name        | year | price | cpu_model | hard_disk_size | capacity | screen_size | color  |
    | Asus ROG FX | 2025 | 2500  | Ryzen 9   | 2TB            | 12 CPU   | 18 Inch     | Silver |
  Then The response status code should be 200                           # stepdefinitions.LoginStepDefinition.the_response_status_code_should_be(int)
]]></system-out>
  </testcase>
  <testcase name="runScenario[&quot;Delete object&quot;, &quot;Login API&quot;](4)" classname="testng.runner.TestRunner" time="1.171">
    <system-out><![CDATA[
Scenario: Delete object                                                 # src/test/resources/features/login.feature:28
  Given User has email "bryantaxell2@gmail.com" and password "@dmin123" # stepdefinitions.LoginStepDefinition.user_has_email_and_password(java.lang.String,java.lang.String)
Request method:	POST
Request URI:	https://whitesmokehouse.com/webhook/api/login
Proxy:			<none>
Request params:	<none>
Query params:	<none>
Form params:	<none>
Path params:	<none>
Headers:		Accept=*/*
				Content-Type=application/json
Cookies:		<none>
Multiparts:		<none>
Body:
{
    "email": "bryantaxell2@gmail.com",
    "password": "@dmin123"
}
  When User sends POST request to "/webhook/api/login"                  # stepdefinitions.LoginStepDefinition.user_sends_post_request(java.lang.String)
  Then The response status code should be 200                           # stepdefinitions.LoginStepDefinition.the_response_status_code_should_be(int)
  And The response should contain a valid token                         # stepdefinitions.LoginStepDefinition.the_response_should_contain_a_valid_token()
Request method:	DELETE
Request URI:	https://whitesmokehouse.com/webhook/d79a30ed-1066-48b6-83f5-556120afc46f/api/objects/null
Proxy:			<none>
Request params:	<none>
Query params:	<none>
Form params:	<none>
Path params:	<none>
Headers:		Authorization=Bearer eyJhbGciOiJIUzI1NiIsInR5cCI6IkpXVCJ9.eyJpZCI6IjEwOTAiLCJpYXQiOjE3NTA4NTc2NzB9.rhvwXKmyWJU4GQNYUYmSTN2yhwCpTLKxiEz_VVqXRdY
				Accept=*/*
Cookies:		<none>
Multiparts:		<none>
Body:			<none>
  When User deletes the object                                          # stepdefinitions.LoginStepDefinition.user_deletes_the_object()
  Then The response status code should be 200                           # stepdefinitions.LoginStepDefinition.the_response_status_code_should_be(int)
]]></system-out>
  </testcase>
</testsuite>