<?xml version="1.0" encoding="UTF-8"?>
<testsuite xmlns:xsi="http://www.w3.org/2001/XMLSchema-instance" xsi:noNamespaceSchemaLocation="https://maven.apache.org/surefire/maven-surefire-plugin/xsd/surefire-test-report.xsd" version="3.0.2" name="runner.TestRunner" time="17.49" tests="7" errors="0" skipped="0" failures="0">
  <properties>
[...]
</properties>
  <testcase name="runScenario[&quot;Successful login with valid credentials&quot;, &quot;Saucedemo Login and Checkout Flow&quot;](1)" classname="runner.TestRunner" time="2.749">
    <system-out><![CDATA[
Scenario: Successful login with valid credentials      # src/test/resources/features/loginselenium.feature:6
  Given User is on the Saucedemo login page            # stepdefinitions.StepDefinitionsSln.user_is_on_the_saucedemo_login_page()
  When User enters valid username and password         # stepdefinitions.StepDefinitionsSln.user_enters_valid_username_and_password()
  And User clicks the login button                     # stepdefinitions.StepDefinitionsSln.user_clicks_the_login_button()
  Then User should be redirected to the inventory page # stepdefinitions.StepDefinitionsSln.user_should_be_redirected_to_the_inventory_page()
]]></system-out>
    <system-err><![CDATA[SLF4J(W): No SLF4J providers were found.
SLF4J(W): Defaulting to no-operation (NOP) logger implementation
SLF4J(W): See https://www.slf4j.org/codes.html#noProviders for further details.
Jul 12, 2025 5:02:32 PM org.openqa.selenium.devtools.CdpVersionFinder findNearestMatch
WARNING: Unable to find an exact match for CDP version 138, returning the closest version; found: 137; Please update to a Selenium version that supports CDP version 138
Jul 12, 2025 5:02:33 PM org.openqa.selenium.devtools.CdpVersionFinder findNearestMatch
WARNING: Unable to find an exact match for CDP version 138, returning the closest version; found: 137; Please update to a Selenium version that supports CDP version 138
]]></system-err>
  </testcase>
  <testcase name="runScenario[&quot;Unsuccessful login with invalid credentials&quot;, &quot;Saucedemo Login and Checkout Flow&quot;](2)" classname="runner.TestRunner" time="2.046">
    <system-out><![CDATA[
Scenario: Unsuccessful login with invalid credentials # src/test/resources/features/loginselenium.feature:11
  Given User is on the Saucedemo login page           # stepdefinitions.StepDefinitionsSln.user_is_on_the_saucedemo_login_page()
  When User enters invalid username and password      # stepdefinitions.StepDefinitionsSln.user_enters_invalid_username_and_password()
  And User clicks the login button                    # stepdefinitions.StepDefinitionsSln.user_clicks_the_login_button()
  Then A login error message should be displayed      # stepdefinitions.StepDefinitionsSln.a_login_error_message_should_be_displayed()
]]></system-out>
    <system-err><![CDATA[Jul 12, 2025 5:02:34 PM org.openqa.selenium.devtools.CdpVersionFinder findNearestMatch
WARNING: Unable to find an exact match for CDP version 138, returning the closest version; found: 137; Please update to a Selenium version that supports CDP version 138
Jul 12, 2025 5:02:35 PM org.openqa.selenium.devtools.CdpVersionFinder findNearestMatch
WARNING: Unable to find an exact match for CDP version 138, returning the closest version; found: 137; Please update to a Selenium version that supports CDP version 138
]]></system-err>
  </testcase>
  <testcase name="runScenario[&quot;Successful checkout flow&quot;, &quot;Saucedemo Login and Checkout Flow&quot;](3)" classname="runner.TestRunner" time="2.485">
    <system-out><![CDATA[
Scenario: Successful checkout flow                  # src/test/resources/features/loginselenium.feature:16
  Given User is on the Saucedemo login page         # stepdefinitions.StepDefinitionsSln.user_is_on_the_saucedemo_login_page()
  Given User is logged in with standard credentials # stepdefinitions.StepDefinitionsSln.user_is_logged_in_with_standard_credentials()
  And User adds a product to the cart               # stepdefinitions.StepDefinitionsSln.user_adds_a_product_to_the_cart()
  And User navigates to the cart page               # stepdefinitions.StepDefinitionsSln.user_navigates_to_the_cart_page()
  And User proceeds to the checkout page            # stepdefinitions.StepDefinitionsSln.user_proceeds_to_the_checkout_page()
  And User fills in checkout information            # stepdefinitions.StepDefinitionsSln.user_fills_in_checkout_information()
  And User clicks the finish button                 # stepdefinitions.StepDefinitionsSln.user_clicks_the_finish_button()
  Then User should see the confirmation message     # stepdefinitions.StepDefinitionsSln.user_should_see_the_confirmation_message()
]]></system-out>
    <system-err><![CDATA[Jul 12, 2025 5:02:36 PM org.openqa.selenium.devtools.CdpVersionFinder findNearestMatch
WARNING: Unable to find an exact match for CDP version 138, returning the closest version; found: 137; Please update to a Selenium version that supports CDP version 138
Jul 12, 2025 5:02:37 PM org.openqa.selenium.devtools.CdpVersionFinder findNearestMatch
WARNING: Unable to find an exact match for CDP version 138, returning the closest version; found: 137; Please update to a Selenium version that supports CDP version 138
]]></system-err>
  </testcase>
  <testcase name="runScenario[&quot;Successful logout from inventory page&quot;, &quot;Saucedemo Login and Checkout Flow&quot;](4)" classname="runner.TestRunner" time="2.641">
    <system-out><![CDATA[
Scenario: Successful logout from inventory page     # src/test/resources/features/loginselenium.feature:25
  Given User is on the Saucedemo login page         # stepdefinitions.StepDefinitionsSln.user_is_on_the_saucedemo_login_page()
  Given User is logged in with standard credentials # stepdefinitions.StepDefinitionsSln.user_is_logged_in_with_standard_credentials()
  When User clicks the menu button                  # stepdefinitions.StepDefinitionsSln.user_clicks_the_menu_button()
  And User clicks the logout link                   # stepdefinitions.StepDefinitionsSln.user_clicks_the_logout_link()
  Then User should be redirected to the login page  # stepdefinitions.StepDefinitionsSln.user_should_be_redirected_to_the_login_page()
]]></system-out>
    <system-err><![CDATA[Jul 12, 2025 5:02:39 PM org.openqa.selenium.devtools.CdpVersionFinder findNearestMatch
WARNING: Unable to find an exact match for CDP version 138, returning the closest version; found: 137; Please update to a Selenium version that supports CDP version 138
Jul 12, 2025 5:02:39 PM org.openqa.selenium.devtools.CdpVersionFinder findNearestMatch
WARNING: Unable to find an exact match for CDP version 138, returning the closest version; found: 137; Please update to a Selenium version that supports CDP version 138
]]></system-err>
  </testcase>
  <testcase name="runScenario[&quot;Remove product from the cart&quot;, &quot;Saucedemo Login and Checkout Flow&quot;](5)" classname="runner.TestRunner" time="2.205">
    <system-out><![CDATA[
Scenario: Remove product from the cart              # src/test/resources/features/loginselenium.feature:31
  Given User is on the Saucedemo login page         # stepdefinitions.StepDefinitionsSln.user_is_on_the_saucedemo_login_page()
  Given User is logged in with standard credentials # stepdefinitions.StepDefinitionsSln.user_is_logged_in_with_standard_credentials()
  And User adds a product to the cart               # stepdefinitions.StepDefinitionsSln.user_adds_a_product_to_the_cart()
  And User navigates to the cart page               # stepdefinitions.StepDefinitionsSln.user_navigates_to_the_cart_page()
  When User removes the product from the cart       # stepdefinitions.StepDefinitionsSln.user_removes_the_product_from_the_cart()
  Then The cart should be empty                     # stepdefinitions.StepDefinitionsSln.the_cart_should_be_empty()
]]></system-out>
    <system-err><![CDATA[Jul 12, 2025 5:02:41 PM org.openqa.selenium.devtools.CdpVersionFinder findNearestMatch
WARNING: Unable to find an exact match for CDP version 138, returning the closest version; found: 137; Please update to a Selenium version that supports CDP version 138
Jul 12, 2025 5:02:42 PM org.openqa.selenium.devtools.CdpVersionFinder findNearestMatch
WARNING: Unable to find an exact match for CDP version 138, returning the closest version; found: 137; Please update to a Selenium version that supports CDP version 138
]]></system-err>
  </testcase>
  <testcase name="runScenario[&quot;Checkout with missing first name&quot;, &quot;Saucedemo Login and Checkout Flow&quot;](6)" classname="runner.TestRunner" time="2.347">
    <system-out><![CDATA[
Scenario: Checkout with missing first name                 # src/test/resources/features/loginselenium.feature:38
  Given User is on the Saucedemo login page                # stepdefinitions.StepDefinitionsSln.user_is_on_the_saucedemo_login_page()
  Given User is logged in with standard credentials        # stepdefinitions.StepDefinitionsSln.user_is_logged_in_with_standard_credentials()
  And User adds a product to the cart                      # stepdefinitions.StepDefinitionsSln.user_adds_a_product_to_the_cart()
  And User navigates to the cart page                      # stepdefinitions.StepDefinitionsSln.user_navigates_to_the_cart_page()
  And User proceeds to the checkout page                   # stepdefinitions.StepDefinitionsSln.user_proceeds_to_the_checkout_page()
  When User fills in checkout info with missing first name # stepdefinitions.StepDefinitionsSln.user_fills_in_checkout_info_with_missing_first_name()
  Then A checkout error message should be displayed        # stepdefinitions.StepDefinitionsSln.a_checkout_error_message_should_be_displayed()
]]></system-out>
    <system-err><![CDATA[Jul 12, 2025 5:02:44 PM org.openqa.selenium.devtools.CdpVersionFinder findNearestMatch
WARNING: Unable to find an exact match for CDP version 138, returning the closest version; found: 137; Please update to a Selenium version that supports CDP version 138
Jul 12, 2025 5:02:44 PM org.openqa.selenium.devtools.CdpVersionFinder findNearestMatch
WARNING: Unable to find an exact match for CDP version 138, returning the closest version; found: 137; Please update to a Selenium version that supports CDP version 138
]]></system-err>
  </testcase>
  <testcase name="runScenario[&quot;Checkout with missing postal code&quot;, &quot;Saucedemo Login and Checkout Flow&quot;](7)" classname="runner.TestRunner" time="2.389">
    <system-out><![CDATA[
Scenario: Checkout with missing postal code                 # src/test/resources/features/loginselenium.feature:46
  Given User is on the Saucedemo login page                 # stepdefinitions.StepDefinitionsSln.user_is_on_the_saucedemo_login_page()
  Given User is logged in with standard credentials         # stepdefinitions.StepDefinitionsSln.user_is_logged_in_with_standard_credentials()
  And User adds a product to the cart                       # stepdefinitions.StepDefinitionsSln.user_adds_a_product_to_the_cart()
  And User navigates to the cart page                       # stepdefinitions.StepDefinitionsSln.user_navigates_to_the_cart_page()
  And User proceeds to the checkout page                    # stepdefinitions.StepDefinitionsSln.user_proceeds_to_the_checkout_page()
  When User fills in checkout info with missing postal code # stepdefinitions.StepDefinitionsSln.user_fills_in_checkout_info_with_missing_postal_code()
  Then A checkout error message should be displayed         # stepdefinitions.StepDefinitionsSln.a_checkout_error_message_should_be_displayed()
]]></system-out>
    <system-err><![CDATA[Jul 12, 2025 5:02:46 PM org.openqa.selenium.devtools.CdpVersionFinder findNearestMatch
WARNING: Unable to find an exact match for CDP version 138, returning the closest version; found: 137; Please update to a Selenium version that supports CDP version 138
Jul 12, 2025 5:02:47 PM org.openqa.selenium.devtools.CdpVersionFinder findNearestMatch
WARNING: Unable to find an exact match for CDP version 138, returning the closest version; found: 137; Please update to a Selenium version that supports CDP version 138
]]></system-err>
  </testcase>
</testsuite>