<?xml version="1.0" encoding="UTF-8"?>
<testng-results ignored="0" total="7" passed="7" failed="0" skipped="0">
  <reporter-output>
  </reporter-output>
  <suite started-at="2025-07-12T17:02:31 WIB" name="Surefire suite" finished-at="2025-07-12T17:02:48 WIB" duration-ms="17224">
    <groups>
      <group name="cucumber">
        <method signature="AbstractTestNGCucumberTests.runScenario(io.cucumber.testng.PickleWrapper,io.cucumber.testng.FeatureWrapper)[pri:0, instance:runner.TestRunner@43301423]" name="runScenario" class="io.cucumber.testng.AbstractTestNGCucumberTests"/>
      </group> <!-- cucumber -->
    </groups>
    <test started-at="2025-07-12T17:02:31 WIB" name="Surefire test" finished-at="2025-07-12T17:02:48 WIB" duration-ms="17224">
      <class name="runner.TestRunner">
        <test-method is-config="true" signature="setUpClass(org.testng.ITestContext)[pri:0, instance:runner.TestRunner@43301423]" started-at="2025-07-12T17:02:31 WIB" name="setUpClass" finished-at="2025-07-12T17:02:31 WIB" duration-ms="317" status="PASS">
          <params>
            <param index="0">
              <value>
                <![CDATA[org.testng.TestRunner@10177794]]>
              </value>
            </param>
          </params>
          <reporter-output>
          </reporter-output>
        </test-method> <!-- setUpClass -->
        <test-method signature="runScenario(io.cucumber.testng.PickleWrapper,io.cucumber.testng.FeatureWrapper)[pri:0, instance:runner.TestRunner@43301423]" started-at="2025-07-12T17:02:31 WIB" name="runScenario" description="Runs Cucumber Scenarios" data-provider="scenarios" finished-at="2025-07-12T17:02:34 WIB" duration-ms="2749" status="PASS">
          <params>
            <param index="0">
              <value>
                <![CDATA["Successful login with valid credentials"]]>
              </value>
            </param>
            <param index="1">
              <value>
                <![CDATA["Saucedemo Login and Checkout Flow"]]>
              </value>
            </param>
          </params>
          <reporter-output>
          </reporter-output>
        </test-method> <!-- runScenario -->
        <test-method signature="runScenario(io.cucumber.testng.PickleWrapper,io.cucumber.testng.FeatureWrapper)[pri:0, instance:runner.TestRunner@43301423]" started-at="2025-07-12T17:02:34 WIB" name="runScenario" description="Runs Cucumber Scenarios" data-provider="scenarios" finished-at="2025-07-12T17:02:36 WIB" duration-ms="2049" status="PASS">
          <params>
            <param index="0">
              <value>
                <![CDATA["Unsuccessful login with invalid credentials"]]>
              </value>
            </param>
            <param index="1">
              <value>
                <![CDATA["Saucedemo Login and Checkout Flow"]]>
              </value>
            </param>
          </params>
          <reporter-output>
          </reporter-output>
        </test-method> <!-- runScenario -->
        <test-method signature="runScenario(io.cucumber.testng.PickleWrapper,io.cucumber.testng.FeatureWrapper)[pri:0, instance:runner.TestRunner@43301423]" started-at="2025-07-12T17:02:36 WIB" name="runScenario" description="Runs Cucumber Scenarios" data-provider="scenarios" finished-at="2025-07-12T17:02:38 WIB" duration-ms="2484" status="PASS">
          <params>
            <param index="0">
              <value>
                <![CDATA["Successful checkout flow"]]>
              </value>
            </param>
            <param index="1">
              <value>
                <![CDATA["Saucedemo Login and Checkout Flow"]]>
              </value>
            </param>
          </params>
          <reporter-output>
          </reporter-output>
        </test-method> <!-- runScenario -->
        <test-method signature="runScenario(io.cucumber.testng.PickleWrapper,io.cucumber.testng.FeatureWrapper)[pri:0, instance:runner.TestRunner@43301423]" started-at="2025-07-12T17:02:38 WIB" name="runScenario" description="Runs Cucumber Scenarios" data-provider="scenarios" finished-at="2025-07-12T17:02:41 WIB" duration-ms="2640" status="PASS">
          <params>
            <param index="0">
              <value>
                <![CDATA["Successful logout from inventory page"]]>
              </value>
            </param>
            <param index="1">
              <value>
                <![CDATA["Saucedemo Login and Checkout Flow"]]>
              </value>
            </param>
          </params>
          <reporter-output>
          </reporter-output>
        </test-method> <!-- runScenario -->
        <test-method signature="runScenario(io.cucumber.testng.PickleWrapper,io.cucumber.testng.FeatureWrapper)[pri:0, instance:runner.TestRunner@43301423]" started-at="2025-07-12T17:02:41 WIB" name="runScenario" description="Runs Cucumber Scenarios" data-provider="scenarios" finished-at="2025-07-12T17:02:43 WIB" duration-ms="2204" status="PASS">
          <params>
            <param index="0">
              <value>
                <![CDATA["Remove product from the cart"]]>
              </value>
            </param>
            <param index="1">
              <value>
                <![CDATA["Saucedemo Login and Checkout Flow"]]>
              </value>
            </param>
          </params>
          <reporter-output>
          </reporter-output>
        </test-method> <!-- runScenario -->
        <test-method signature="runScenario(io.cucumber.testng.PickleWrapper,io.cucumber.testng.FeatureWrapper)[pri:0, instance:runner.TestRunner@43301423]" started-at="2025-07-12T17:02:43 WIB" name="runScenario" description="Runs Cucumber Scenarios" data-provider="scenarios" finished-at="2025-07-12T17:02:45 WIB" duration-ms="2346" status="PASS">
          <params>
            <param index="0">
              <value>
                <![CDATA["Checkout with missing first name"]]>
              </value>
            </param>
            <param index="1">
              <value>
                <![CDATA["Saucedemo Login and Checkout Flow"]]>
              </value>
            </param>
          </params>
          <reporter-output>
          </reporter-output>
        </test-method> <!-- runScenario -->
        <test-method signature="runScenario(io.cucumber.testng.PickleWrapper,io.cucumber.testng.FeatureWrapper)[pri:0, instance:runner.TestRunner@43301423]" started-at="2025-07-12T17:02:45 WIB" name="runScenario" description="Runs Cucumber Scenarios" data-provider="scenarios" finished-at="2025-07-12T17:02:48 WIB" duration-ms="2388" status="PASS">
          <params>
            <param index="0">
              <value>
                <![CDATA["Checkout with missing postal code"]]>
              </value>
            </param>
            <param index="1">
              <value>
                <![CDATA["Saucedemo Login and Checkout Flow"]]>
              </value>
            </param>
          </params>
          <reporter-output>
          </reporter-output>
        </test-method> <!-- runScenario -->
        <test-method is-config="true" signature="tearDownClass()[pri:0, instance:runner.TestRunner@43301423]" started-at="2025-07-12T17:02:48 WIB" name="tearDownClass" finished-at="2025-07-12T17:02:48 WIB" duration-ms="16" status="PASS">
          <reporter-output>
          </reporter-output>
        </test-method> <!-- tearDownClass -->
      </class> <!-- runner.TestRunner -->
    </test> <!-- Surefire test -->
  </suite> <!-- Surefire suite -->
</testng-results>
