<?xml version="1.0" encoding="UTF-8"?>
<!-- Generated by org.testng.reporters.JUnitReportReporter -->
<testsuite hostname="IA-BTM-L047" failures="0" tests="5" name="selenium.locator.SeleniumIntroductionTest" time="15.135" errors="0" timestamp="2025-07-07T20:45:00 WIB" skipped="0">
  <testcase classname="selenium.locator.SeleniumIntroductionTest" name="hapusDariKeranjangTest" time="11.378"/>
  <testcase classname="selenium.locator.SeleniumIntroductionTest" name="fullCheckoutFlow" time="0.492"/>
  <testcase classname="selenium.locator.SeleniumIntroductionTest" name="loginGagalTest" time="1.627"/>
  <testcase classname="selenium.locator.SeleniumIntroductionTest" name="cekDetailProdukTest" time="0.339"/>
  <testcase classname="selenium.locator.SeleniumIntroductionTest" name="tambahBeberapaProdukKeKeranjangTest" time="1.299"/>
</testsuite> <!-- selenium.locator.SeleniumIntroductionTest -->
