<?xml version="1.0" encoding="UTF-8"?>
<!-- Generated by org.testng.reporters.JUnitReportReporter -->
<testsuite hostname="IA-BTM-L047" failures="0" tests="7" name="runner.TestRunner" time="16.860" errors="0" timestamp="2025-07-12T17:02:48 WIB" skipped="0">
  <testcase classname="runner.TestRunner" name="runScenario" time="2.484"/>
  <testcase classname="runner.TestRunner" name="runScenario" time="2.346"/>
  <testcase classname="runner.TestRunner" name="runScenario" time="2.049"/>
  <testcase classname="runner.TestRunner" name="runScenario" time="2.204"/>
  <testcase classname="runner.TestRunner" name="runScenario" time="2.749"/>
  <testcase classname="runner.TestRunner" name="runScenario" time="2.640"/>
  <testcase classname="runner.TestRunner" name="runScenario" time="2.388"/>
</testsuite> <!-- runner.TestRunner -->
