<?xml version="1.0" encoding="UTF-8"?>
<!-- Generated by org.testng.reporters.JUnitReportReporter -->
<testsuite hostname="IA-BTM-L047" failures="0" tests="4" name="testng.runner.TestRunner" time="7.224" errors="0" timestamp="2025-06-25T20:21:11 WIB" skipped="0">
  <testcase classname="testng.runner.TestRunner" name="runScenario" time="1.162"/>
  <testcase classname="testng.runner.TestRunner" name="runScenario" time="1.161"/>
  <testcase classname="testng.runner.TestRunner" name="runScenario" time="3.730"/>
  <testcase classname="testng.runner.TestRunner" name="runScenario" time="1.171"/>
</testsuite> <!-- testng.runner.TestRunner -->
